# JRE version: OpenJDK Runtime Environment (8.0_76-b03) (build 1.8.0_76-release-b03)
# Java VM: OpenJDK 64-Bit Server VM (25.76-b03 mixed mode windows-amd64 compressed oops)
Heap:
 PSYoungGen      total 306176K, used 10255K [0x00000000eab00000, 0x0000000100000000, 0x0000000100000000)
  eden space 279040K, 0% used [0x00000000eab00000,0x00000000eab00000,0x00000000fbb80000)
  from space 27136K, 37% used [0x00000000fbb80000,0x00000000fc583d50,0x00000000fd600000)
  to   space 26112K, 0% used [0x00000000fe680000,0x00000000fe680000,0x0000000100000000)
 ParOldGen       total 102400K, used 51094K [0x00000000c0000000, 0x00000000c6400000, 0x00000000eab00000)
  object space 102400K, 49% used [0x00000000c0000000,0x00000000c31e5ae0,0x00000000c6400000)
 Metaspace       used 56598K, capacity 59053K, committed 59096K, reserved 1099776K
  class space    used 7606K, capacity 8149K, committed 8192K, reserved 1048576K
GC Heap History (10 events):
Event: 15.315 GC heap after
Heap after GC invocations=9 (full 2):
 PSYoungGen      total 156672K, used 11872K [0x00000000eab00000, 0x00000000f9f80000, 0x0000000100000000)
  eden space 142336K, 0% used [0x00000000eab00000,0x00000000eab00000,0x00000000f3600000)
  from space 14336K, 82% used [0x00000000f3600000,0x00000000f4198108,0x00000000f4400000)
  to   space 15360K, 0% used [0x00000000f9080000,0x00000000f9080000,0x00000000f9f80000)
 ParOldGen       total 102400K, used 19101K [0x00000000c0000000, 0x00000000c6400000, 0x00000000eab00000)
  object space 102400K, 18% used [0x00000000c0000000,0x00000000c12a7748,0x00000000c6400000)
 Metaspace       used 42797K, capacity 43820K, committed 44160K, reserved 1087488K
  class space    used 5752K, capacity 5939K, committed 6016K, reserved 1048576K
}
Event: 15.988 GC heap before
{Heap before GC invocations=10 (full 2):
 PSYoungGen      total 156672K, used 154208K [0x00000000eab00000, 0x00000000f9f80000, 0x0000000100000000)
  eden space 142336K, 100% used [0x00000000eab00000,0x00000000f3600000,0x00000000f3600000)
  from space 14336K, 82% used [0x00000000f3600000,0x00000000f4198108,0x00000000f4400000)
  to   space 15360K, 0% used [0x00000000f9080000,0x00000000f9080000,0x00000000f9f80000)
 ParOldGen       total 102400K, used 19101K [0x00000000c0000000, 0x00000000c6400000, 0x00000000eab00000)
  object space 102400K, 18% used [0x00000000c0000000,0x00000000c12a7748,0x00000000c6400000)
 Metaspace       used 43262K, capacity 44332K, committed 44416K, reserved 1087488K
  class space    used 5768K, capacity 5987K, committed 6016K, reserved 1048576K
Event: 16.004 GC heap after
Heap after GC invocations=10 (full 2):
 PSYoungGen      total 232960K, used 15348K [0x00000000eab00000, 0x00000000fa400000, 0x0000000100000000)
  eden space 217600K, 0% used [0x00000000eab00000,0x00000000eab00000,0x00000000f7f80000)
  from space 15360K, 99% used [0x00000000f9080000,0x00000000f9f7d2f0,0x00000000f9f80000)
  to   space 17408K, 0% used [0x00000000f7f80000,0x00000000f7f80000,0x00000000f9080000)
 ParOldGen       total 102400K, used 19136K [0x00000000c0000000, 0x00000000c6400000, 0x00000000eab00000)
  object space 102400K, 18% used [0x00000000c0000000,0x00000000c12b0298,0x00000000c6400000)
 Metaspace       used 43262K, capacity 44332K, committed 44416K, reserved 1087488K
  class space    used 5768K, capacity 5987K, committed 6016K, reserved 1048576K
}
Event: 16.984 GC heap before
{Heap before GC invocations=11 (full 2):
 PSYoungGen      total 232960K, used 232948K [0x00000000eab00000, 0x00000000fa400000, 0x0000000100000000)
  eden space 217600K, 100% used [0x00000000eab00000,0x00000000f7f80000,0x00000000f7f80000)
  from space 15360K, 99% used [0x00000000f9080000,0x00000000f9f7d2f0,0x00000000f9f80000)
  to   space 17408K, 0% used [0x00000000f7f80000,0x00000000f7f80000,0x00000000f9080000)
 ParOldGen       total 102400K, used 19136K [0x00000000c0000000, 0x00000000c6400000, 0x00000000eab00000)
  object space 102400K, 18% used [0x00000000c0000000,0x00000000c12b0298,0x00000000c6400000)
 Metaspace       used 43647K, capacity 44748K, committed 45056K, reserved 1087488K
  class space    used 5800K, capacity 6035K, committed 6144K, reserved 1048576K
Event: 16.998 GC heap after
Heap after GC invocations=11 (full 2):
 PSYoungGen      total 235008K, used 17078K [0x00000000eab00000, 0x00000000fe980000, 0x0000000100000000)
  eden space 217600K, 0% used [0x00000000eab00000,0x00000000eab00000,0x00000000f7f80000)
  from space 17408K, 98% used [0x00000000f7f80000,0x00000000f902db00,0x00000000f9080000)
  to   space 19968K, 0% used [0x00000000fd600000,0x00000000fd600000,0x00000000fe980000)
 ParOldGen       total 102400K, used 19144K [0x00000000c0000000, 0x00000000c6400000, 0x00000000eab00000)
  object space 102400K, 18% used [0x00000000c0000000,0x00000000c12b2298,0x00000000c6400000)
 Metaspace       used 43647K, capacity 44748K, committed 45056K, reserved 1087488K
  class space    used 5800K, capacity 6035K, committed 6144K, reserved 1048576K
}
Event: 19.257 GC heap before
{Heap before GC invocations=12 (full 2):
 PSYoungGen      total 235008K, used 234678K [0x00000000eab00000, 0x00000000fe980000, 0x0000000100000000)
  eden space 217600K, 100% used [0x00000000eab00000,0x00000000f7f80000,0x00000000f7f80000)
  from space 17408K, 98% used [0x00000000f7f80000,0x00000000f902db00,0x00000000f9080000)
  to   space 19968K, 0% used [0x00000000fd600000,0x00000000fd600000,0x00000000fe980000)
 ParOldGen       total 102400K, used 19144K [0x00000000c0000000, 0x00000000c6400000, 0x00000000eab00000)
  object space 102400K, 18% used [0x00000000c0000000,0x00000000c12b2298,0x00000000c6400000)
 Metaspace       used 50964K, capacity 53040K, committed 53376K, reserved 1095680K
  class space    used 6996K, capacity 7451K, committed 7552K, reserved 1048576K
Event: 19.305 GC heap after
Heap after GC invocations=12 (full 2):
 PSYoungGen      total 299008K, used 19949K [0x00000000eab00000, 0x00000000ff800000, 0x0000000100000000)
  eden space 279040K, 0% used [0x00000000eab00000,0x00000000eab00000,0x00000000fbb80000)
  from space 19968K, 99% used [0x00000000fd600000,0x00000000fe97b440,0x00000000fe980000)
  to   space 27136K, 0% used [0x00000000fbb80000,0x00000000fbb80000,0x00000000fd600000)
 ParOldGen       total 102400K, used 31789K [0x00000000c0000000, 0x00000000c6400000, 0x00000000eab00000)
  object space 102400K, 31% used [0x00000000c0000000,0x00000000c1f0b7e8,0x00000000c6400000)
 Metaspace       used 50964K, capacity 53040K, committed 53376K, reserved 1095680K
  class space    used 6996K, capacity 7451K, committed 7552K, reserved 1048576K
}
Event: 8553.616 GC heap before
{Heap before GC invocations=13 (full 2):
 PSYoungGen      total 299008K, used 291184K [0x00000000eab00000, 0x00000000ff800000, 0x0000000100000000)
  eden space 279040K, 97% used [0x00000000eab00000,0x00000000fb3e0fa8,0x00000000fbb80000)
  from space 19968K, 99% used [0x00000000fd600000,0x00000000fe97b440,0x00000000fe980000)
  to   space 27136K, 0% used [0x00000000fbb80000,0x00000000fbb80000,0x00000000fd600000)
 ParOldGen       total 102400K, used 31789K [0x00000000c0000000, 0x00000000c6400000, 0x00000000eab00000)
  object space 102400K, 31% used [0x00000000c0000000,0x00000000c1f0b7e8,0x00000000c6400000)
 Metaspace       used 56598K, capacity 59053K, committed 59096K, reserved 1099776K
  class space    used 7606K, capacity 8149K, committed 8192K, reserved 1048576K
Event: 8569.480 GC heap after
Heap after GC invocations=13 (full 2):
 PSYoungGen      total 306176K, used 10255K [0x00000000eab00000, 0x0000000100000000, 0x0000000100000000)
  eden space 279040K, 0% used [0x00000000eab00000,0x00000000eab00000,0x00000000fbb80000)
  from space 27136K, 37% used [0x00000000fbb80000,0x00000000fc583d50,0x00000000fd600000)
  to   space 26112K, 0% used [0x00000000fe680000,0x00000000fe680000,0x0000000100000000)
 ParOldGen       total 102400K, used 51094K [0x00000000c0000000, 0x00000000c6400000, 0x00000000eab00000)
  object space 102400K, 49% used [0x00000000c0000000,0x00000000c31e5ae0,0x00000000c6400000)
 Metaspace       used 56598K, capacity 59053K, committed 59096K, reserved 1099776K
  class space    used 7606K, capacity 8149K, committed 8192K, reserved 1048576K
}
Event: 8569.480 GC heap before
{Heap before GC invocations=14 (full 3):
 PSYoungGen      total 306176K, used 10255K [0x00000000eab00000, 0x0000000100000000, 0x0000000100000000)
  eden space 279040K, 0% used [0x00000000eab00000,0x00000000eab00000,0x00000000fbb80000)
  from space 27136K, 37% used [0x00000000fbb80000,0x00000000fc583d50,0x00000000fd600000)
  to   space 26112K, 0% used [0x00000000fe680000,0x00000000fe680000,0x0000000100000000)
 ParOldGen       total 102400K, used 51094K [0x00000000c0000000, 0x00000000c6400000, 0x00000000eab00000)
  object space 102400K, 49% used [0x00000000c0000000,0x00000000c31e5ae0,0x00000000c6400000)
 Metaspace       used 56598K, capacity 59053K, committed 59096K, reserved 1099776K
  class space    used 7606K, capacity 8149K, committed 8192K, reserved 1048576K

