# JRE version: OpenJDK Runtime Environment (8.0_76-b03) (build 1.8.0_76-release-b03)
# Java VM: OpenJDK 64-Bit Server VM (25.76-b03 mixed mode windows-amd64 compressed oops)
Heap:
 PSYoungGen      total 269824K, used 136028K [0x00000000eab00000, 0x0000000100000000, 0x0000000100000000)
  eden space 206848K, 37% used [0x00000000eab00000,0x00000000ef799a48,0x00000000f7500000)
  from space 62976K, 91% used [0x00000000fc280000,0x00000000ffabd600,0x0000000100000000)
  to   space 71168K, 0% used [0x00000000f7500000,0x00000000f7500000,0x00000000fba80000)
 ParOldGen       total 163840K, used 122001K [0x00000000c0000000, 0x00000000ca000000, 0x00000000eab00000)
  object space 163840K, 74% used [0x00000000c0000000,0x00000000c7724430,0x00000000ca000000)
 Metaspace       used 6919K, capacity 7544K, committed 7808K, reserved 1056768K
  class space    used 620K, capacity 624K, committed 640K, reserved 1048576K
GC Heap History (10 events):
Event: 2.332 GC heap before
{Heap before GC invocations=9 (full 0):
 PSYoungGen      total 288768K, used 280623K [0x00000000eab00000, 0x00000000fe500000, 0x0000000100000000)
  eden space 260608K, 100% used [0x00000000eab00000,0x00000000fa980000,0x00000000fa980000)
  from space 28160K, 71% used [0x00000000fc680000,0x00000000fda0bc20,0x00000000fe200000)
  to   space 29696K, 0% used [0x00000000fa980000,0x00000000fa980000,0x00000000fc680000)
 ParOldGen       total 87552K, used 33167K [0x00000000c0000000, 0x00000000c5580000, 0x00000000eab00000)
  object space 87552K, 37% used [0x00000000c0000000,0x00000000c2063e20,0x00000000c5580000)
 Metaspace       used 6549K, capacity 7282K, committed 7552K, reserved 1056768K
  class space    used 599K, capacity 618K, committed 640K, reserved 1048576K
Event: 2.410 GC heap after
Heap after GC invocations=9 (full 0):
 PSYoungGen      total 290304K, used 29688K [0x00000000eab00000, 0x0000000100000000, 0x0000000100000000)
  eden space 260608K, 0% used [0x00000000eab00000,0x00000000eab00000,0x00000000fa980000)
  from space 29696K, 99% used [0x00000000fa980000,0x00000000fc67e108,0x00000000fc680000)
  to   space 46592K, 0% used [0x00000000fd280000,0x00000000fd280000,0x0000000100000000)
 ParOldGen       total 87552K, used 62455K [0x00000000c0000000, 0x00000000c5580000, 0x00000000eab00000)
  object space 87552K, 71% used [0x00000000c0000000,0x00000000c3cfdd00,0x00000000c5580000)
 Metaspace       used 6549K, capacity 7282K, committed 7552K, reserved 1056768K
  class space    used 599K, capacity 618K, committed 640K, reserved 1048576K
}
Event: 3.122 GC heap before
{Heap before GC invocations=10 (full 0):
 PSYoungGen      total 290304K, used 290296K [0x00000000eab00000, 0x0000000100000000, 0x0000000100000000)
  eden space 260608K, 100% used [0x00000000eab00000,0x00000000fa980000,0x00000000fa980000)
  from space 29696K, 99% used [0x00000000fa980000,0x00000000fc67e108,0x00000000fc680000)
  to   space 46592K, 0% used [0x00000000fd280000,0x00000000fd280000,0x0000000100000000)
 ParOldGen       total 87552K, used 62455K [0x00000000c0000000, 0x00000000c5580000, 0x00000000eab00000)
  object space 87552K, 71% used [0x00000000c0000000,0x00000000c3cfdd00,0x00000000c5580000)
 Metaspace       used 6557K, capacity 7282K, committed 7552K, reserved 1056768K
  class space    used 599K, capacity 618K, committed 640K, reserved 1048576K
Event: 3.202 GC heap after
Heap after GC invocations=10 (full 0):
 PSYoungGen      total 270848K, used 46565K [0x00000000eab00000, 0x0000000100000000, 0x0000000100000000)
  eden space 224256K, 0% used [0x00000000eab00000,0x00000000eab00000,0x00000000f8600000)
  from space 46592K, 99% used [0x00000000fd280000,0x00000000ffff94c0,0x0000000100000000)
  to   space 62464K, 0% used [0x00000000f8600000,0x00000000f8600000,0x00000000fc300000)
 ParOldGen       total 87552K, used 84499K [0x00000000c0000000, 0x00000000c5580000, 0x00000000eab00000)
  object space 87552K, 96% used [0x00000000c0000000,0x00000000c5284c50,0x00000000c5580000)
 Metaspace       used 6557K, capacity 7282K, committed 7552K, reserved 1056768K
  class space    used 599K, capacity 618K, committed 640K, reserved 1048576K
}
Event: 3.202 GC heap before
{Heap before GC invocations=11 (full 1):
 PSYoungGen      total 270848K, used 46565K [0x00000000eab00000, 0x0000000100000000, 0x0000000100000000)
  eden space 224256K, 0% used [0x00000000eab00000,0x00000000eab00000,0x00000000f8600000)
  from space 46592K, 99% used [0x00000000fd280000,0x00000000ffff94c0,0x0000000100000000)
  to   space 62464K, 0% used [0x00000000f8600000,0x00000000f8600000,0x00000000fc300000)
 ParOldGen       total 87552K, used 84499K [0x00000000c0000000, 0x00000000c5580000, 0x00000000eab00000)
  object space 87552K, 96% used [0x00000000c0000000,0x00000000c5284c50,0x00000000c5580000)
 Metaspace       used 6557K, capacity 7282K, committed 7552K, reserved 1056768K
  class space    used 599K, capacity 618K, committed 640K, reserved 1048576K
Event: 3.954 GC heap after
Heap after GC invocations=11 (full 1):
 PSYoungGen      total 270848K, used 34175K [0x00000000eab00000, 0x0000000100000000, 0x0000000100000000)
  eden space 224256K, 0% used [0x00000000eab00000,0x00000000eab00000,0x00000000f8600000)
  from space 46592K, 73% used [0x00000000fd280000,0x00000000ff3dff58,0x0000000100000000)
  to   space 62464K, 0% used [0x00000000f8600000,0x00000000f8600000,0x00000000fc300000)
 ParOldGen       total 163840K, used 87510K [0x00000000c0000000, 0x00000000ca000000, 0x00000000eab00000)
  object space 163840K, 53% used [0x00000000c0000000,0x00000000c55759f8,0x00000000ca000000)
 Metaspace       used 6557K, capacity 7282K, committed 7552K, reserved 1056768K
  class space    used 599K, capacity 618K, committed 640K, reserved 1048576K
}
Event: 4.455 GC heap before
{Heap before GC invocations=12 (full 1):
 PSYoungGen      total 270848K, used 258431K [0x00000000eab00000, 0x0000000100000000, 0x0000000100000000)
  eden space 224256K, 100% used [0x00000000eab00000,0x00000000f8600000,0x00000000f8600000)
  from space 46592K, 73% used [0x00000000fd280000,0x00000000ff3dff58,0x0000000100000000)
  to   space 62464K, 0% used [0x00000000f8600000,0x00000000f8600000,0x00000000fc300000)
 ParOldGen       total 163840K, used 87510K [0x00000000c0000000, 0x00000000ca000000, 0x00000000eab00000)
  object space 163840K, 53% used [0x00000000c0000000,0x00000000c55759f8,0x00000000ca000000)
 Metaspace       used 6561K, capacity 7282K, committed 7552K, reserved 1056768K
  class space    used 600K, capacity 618K, committed 640K, reserved 1048576K
Event: 4.550 GC heap after
Heap after GC invocations=12 (full 1):
 PSYoungGen      total 260608K, used 35863K [0x00000000eab00000, 0x0000000100000000, 0x0000000100000000)
  eden space 224256K, 0% used [0x00000000eab00000,0x00000000eab00000,0x00000000f8600000)
  from space 36352K, 98% used [0x00000000f8600000,0x00000000fa905f20,0x00000000fa980000)
  to   space 62976K, 0% used [0x00000000fc280000,0x00000000fc280000,0x0000000100000000)
 ParOldGen       total 163840K, used 122001K [0x00000000c0000000, 0x00000000ca000000, 0x00000000eab00000)
  object space 163840K, 74% used [0x00000000c0000000,0x00000000c7724430,0x00000000ca000000)
 Metaspace       used 6561K, capacity 7282K, committed 7552K, reserved 1056768K
  class space    used 600K, capacity 618K, committed 640K, reserved 1048576K
}
Event: 5.316 GC heap before
{Heap before GC invocations=13 (full 1):
 PSYoungGen      total 260608K, used 260119K [0x00000000eab00000, 0x0000000100000000, 0x0000000100000000)
  eden space 224256K, 100% used [0x00000000eab00000,0x00000000f8600000,0x00000000f8600000)
  from space 36352K, 98% used [0x00000000f8600000,0x00000000fa905f20,0x00000000fa980000)
  to   space 62976K, 0% used [0x00000000fc280000,0x00000000fc280000,0x0000000100000000)
 ParOldGen       total 163840K, used 122001K [0x00000000c0000000, 0x00000000ca000000, 0x00000000eab00000)
  object space 163840K, 74% used [0x00000000c0000000,0x00000000c7724430,0x00000000ca000000)
 Metaspace       used 6588K, capacity 7284K, committed 7552K, reserved 1056768K
  class space    used 603K, capacity 620K, committed 640K, reserved 1048576K
Event: 5.377 GC heap after
Heap after GC invocations=13 (full 1):
 PSYoungGen      total 269824K, used 57589K [0x00000000eab00000, 0x0000000100000000, 0x0000000100000000)
  eden space 206848K, 0% used [0x00000000eab00000,0x00000000eab00000,0x00000000f7500000)
  from space 62976K, 91% used [0x00000000fc280000,0x00000000ffabd600,0x0000000100000000)
  to   space 71168K, 0% used [0x00000000f7500000,0x00000000f7500000,0x00000000fba80000)
 ParOldGen       total 163840K, used 122001K [0x00000000c0000000, 0x00000000ca000000, 0x00000000eab00000)
  object space 163840K, 74% used [0x00000000c0000000,0x00000000c7724430,0x00000000ca000000)
 Metaspace       used 6588K, capacity 7284K, committed 7552K, reserved 1056768K
  class space    used 603K, capacity 620K, committed 640K, reserved 1048576K
}

